Arguments: 
  C:\Program Files\nodejs\node.exe C:\Users\tech\AppData\Roaming\npm\node_modules\yarn\bin\yarn.js install

PATH: 
  C:\WINDOWS\system32;C:\WINDOWS;C:\WINDOWS\System32\Wbem;C:\WINDOWS\System32\WindowsPowerShell\v1.0\;C:\WINDOWS\System32\OpenSSH\;C:\Program Files\nodejs\;C:\Users\tech\AppData\Local\Microsoft\WindowsApps;C:\Users\tech\AppData\Roaming\npm;C:\Users\tech\AppData\Local\Programs\Microsoft VS Code\bin;C:\Users\tech\AppData\Local\Programs\Git\cmd;C:\Users\tech\AppData\Local\GitHubDesktop\bin

Yarn version: 
  1.22.19

Node version: 
  18.13.0

Platform: 
  win32 x64

Trace: 
  Error: https://registry.yarnpkg.com/@icons/material/-/material-0.2.4.tgz: ESOCKETTIMEDOUT
      at ClientRequest.<anonymous> (C:\Users\tech\AppData\Roaming\npm\node_modules\yarn\lib\cli.js:141517:19)
      at Object.onceWrapper (node:events:627:28)
      at ClientRequest.emit (node:events:513:28)
      at TLSSocket.emitRequestTimeout (node:_http_client:840:9)
      at Object.onceWrapper (node:events:627:28)
      at TLSSocket.emit (node:events:525:35)
      at Socket._onTimeout (node:net:568:8)
      at listOnTimeout (node:internal/timers:564:17)
      at process.processTimers (node:internal/timers:507:7)

npm manifest: 
  {
    "name": "ihcl-taj-sanity",
    "private": true,
    "version": "1.0.0",
    "main": "package.json",
    "license": "UNLICENSED",
    "scripts": {
      "dev": "sanity dev",
      "start": "sanity start",
      "build": "sanity build",
      "deploy": "sanity deploy",
      "deploy-graphql": "sanity graphql deploy"
    },
    "keywords": [
      "sanity"
    ],
    "dependencies": {
      "@reach/auto-id": "^0.18.0",
      "@sanity/client": "^6.1.7",
      "@sanity/code-input": "^4.1.1",
      "@sanity/color-input": "^3.1.0",
      "@sanity/form-builder": "^2.36.2",
      "@sanity/vision": "^3.14.3",
      "@superside-oss/sanity-plugin-copy-paste": "^1.0.3",
      "axios": "^1.5.1",
      "file-saver": "^2.0.5",
      "papaparse": "^5.4.1",
      "react": "^18.2.0",
      "react-dom": "^18.2.0",
      "react-icons": "^4.10.1",
      "react-is": "^18.2.0",
      "sanity": "^3.14.3",
      "sanity-plugin-media": "^2.0.5",
      "styled-components": "^5.3.9",
      "xlsx": "^0.18.5"
    },
    "devDependencies": {
      "@sanity/eslint-config-studio": "^2.0.4",
      "@types/react": "^18.0.25",
      "@types/styled-components": "^5.1.26",
      "eslint": "^8.6.0",
      "prettier": "^2.8.8",
      "typescript": "^4.9.5"
    },
    "prettier": {
      "semi": false,
      "printWidth": 100,
      "bracketSpacing": false,
      "singleQuote": true
    }
  }

yarn manifest: 
  No manifest

Lockfile: 
  No lockfile
